[2021-01-15 15:24:18Z INFO HostContext] No proxy settings were found based on environmental variables (http_proxy/https_proxy/HTTP_PROXY/HTTPS_PROXY)
[2021-01-15 15:24:18Z INFO HostContext] Well known directory 'Bin': 'C:\Users\o.savic\Desktop\Projects\Eclipse workspace\demo\actions-runner\bin'
[2021-01-15 15:24:18Z INFO HostContext] Well known directory 'Root': 'C:\Users\o.savic\Desktop\Projects\Eclipse workspace\demo\actions-runner'
[2021-01-15 15:24:18Z INFO HostContext] Well known config file 'Credentials': 'C:\Users\o.savic\Desktop\Projects\Eclipse workspace\demo\actions-runner\.credentials'
[2021-01-15 15:24:18Z INFO Listener] Runner is built for Windows (X64) - win-x64.
[2021-01-15 15:24:18Z INFO Listener] RuntimeInformation: Microsoft Windows 10.0.19042.
[2021-01-15 15:24:18Z INFO Listener] Version: 2.275.1
[2021-01-15 15:24:18Z INFO Listener] Commit: de955418e4e8e0c51546a8495d9236f24edc1321
[2021-01-15 15:24:18Z INFO Listener] Culture: en-US
[2021-01-15 15:24:18Z INFO Listener] UI Culture: en-US
[2021-01-15 15:24:18Z INFO HostContext] Well known directory 'Bin': 'C:\Users\o.savic\Desktop\Projects\Eclipse workspace\demo\actions-runner\bin'
[2021-01-15 15:24:18Z INFO HostContext] Well known directory 'Root': 'C:\Users\o.savic\Desktop\Projects\Eclipse workspace\demo\actions-runner'
[2021-01-15 15:24:18Z INFO Listener] Validating directory permissions for: 'C:\Users\o.savic\Desktop\Projects\Eclipse workspace\demo\actions-runner'
[2021-01-15 15:24:18Z INFO CommandLineParser] Parse
[2021-01-15 15:24:18Z INFO CommandLineParser] Parsing 5 args
[2021-01-15 15:24:18Z INFO CommandLineParser] parsing argument
[2021-01-15 15:24:18Z INFO CommandLineParser] HasArgs: False
[2021-01-15 15:24:18Z INFO CommandLineParser] Adding Command: configure
[2021-01-15 15:24:18Z INFO CommandLineParser] parsing argument
[2021-01-15 15:24:18Z INFO CommandLineParser] HasArgs: True
[2021-01-15 15:24:18Z INFO CommandLineParser] arg: url
[2021-01-15 15:24:18Z INFO CommandLineParser] parsing argument
[2021-01-15 15:24:18Z INFO CommandLineParser] HasArgs: True
[2021-01-15 15:24:18Z INFO CommandLineParser] Adding option 'url': 'https://github.com/o-savic/api-aws'
[2021-01-15 15:24:18Z INFO CommandLineParser] parsing argument
[2021-01-15 15:24:18Z INFO CommandLineParser] HasArgs: True
[2021-01-15 15:24:18Z INFO CommandLineParser] arg: token
[2021-01-15 15:24:18Z INFO CommandLineParser] parsing argument
[2021-01-15 15:24:18Z INFO CommandLineParser] HasArgs: True
[2021-01-15 15:24:18Z INFO CommandLineParser] Adding option 'token': '***'
[2021-01-15 15:24:18Z INFO Listener] Arguments parsed
[2021-01-15 15:24:18Z INFO Runner] ExecuteCommand
[2021-01-15 15:24:18Z INFO ConfigurationStore] currentAssemblyLocation: C:\Users\o.savic\Desktop\Projects\Eclipse workspace\demo\actions-runner\bin\Runner.Listener.dll
[2021-01-15 15:24:18Z INFO HostContext] Well known directory 'Bin': 'C:\Users\o.savic\Desktop\Projects\Eclipse workspace\demo\actions-runner\bin'
[2021-01-15 15:24:18Z INFO ConfigurationStore] binPath: C:\Users\o.savic\Desktop\Projects\Eclipse workspace\demo\actions-runner\bin
[2021-01-15 15:24:18Z INFO HostContext] Well known directory 'Bin': 'C:\Users\o.savic\Desktop\Projects\Eclipse workspace\demo\actions-runner\bin'
[2021-01-15 15:24:18Z INFO HostContext] Well known directory 'Root': 'C:\Users\o.savic\Desktop\Projects\Eclipse workspace\demo\actions-runner'
[2021-01-15 15:24:18Z INFO ConfigurationStore] RootFolder: C:\Users\o.savic\Desktop\Projects\Eclipse workspace\demo\actions-runner
[2021-01-15 15:24:18Z INFO HostContext] Well known directory 'Bin': 'C:\Users\o.savic\Desktop\Projects\Eclipse workspace\demo\actions-runner\bin'
[2021-01-15 15:24:18Z INFO HostContext] Well known directory 'Root': 'C:\Users\o.savic\Desktop\Projects\Eclipse workspace\demo\actions-runner'
[2021-01-15 15:24:18Z INFO HostContext] Well known config file 'Runner': 'C:\Users\o.savic\Desktop\Projects\Eclipse workspace\demo\actions-runner\.runner'
[2021-01-15 15:24:18Z INFO ConfigurationStore] ConfigFilePath: C:\Users\o.savic\Desktop\Projects\Eclipse workspace\demo\actions-runner\.runner
[2021-01-15 15:24:18Z INFO HostContext] Well known directory 'Bin': 'C:\Users\o.savic\Desktop\Projects\Eclipse workspace\demo\actions-runner\bin'
[2021-01-15 15:24:18Z INFO HostContext] Well known directory 'Root': 'C:\Users\o.savic\Desktop\Projects\Eclipse workspace\demo\actions-runner'
[2021-01-15 15:24:18Z INFO HostContext] Well known config file 'Credentials': 'C:\Users\o.savic\Desktop\Projects\Eclipse workspace\demo\actions-runner\.credentials'
[2021-01-15 15:24:18Z INFO ConfigurationStore] CredFilePath: C:\Users\o.savic\Desktop\Projects\Eclipse workspace\demo\actions-runner\.credentials
[2021-01-15 15:24:18Z INFO HostContext] Well known directory 'Bin': 'C:\Users\o.savic\Desktop\Projects\Eclipse workspace\demo\actions-runner\bin'
[2021-01-15 15:24:18Z INFO HostContext] Well known directory 'Root': 'C:\Users\o.savic\Desktop\Projects\Eclipse workspace\demo\actions-runner'
[2021-01-15 15:24:18Z INFO HostContext] Well known config file 'MigratedCredentials': 'C:\Users\o.savic\Desktop\Projects\Eclipse workspace\demo\actions-runner\.credentials_migrated'
[2021-01-15 15:24:18Z INFO ConfigurationStore] MigratedCredFilePath: C:\Users\o.savic\Desktop\Projects\Eclipse workspace\demo\actions-runner\.credentials_migrated
[2021-01-15 15:24:18Z INFO HostContext] Well known directory 'Bin': 'C:\Users\o.savic\Desktop\Projects\Eclipse workspace\demo\actions-runner\bin'
[2021-01-15 15:24:18Z INFO HostContext] Well known directory 'Root': 'C:\Users\o.savic\Desktop\Projects\Eclipse workspace\demo\actions-runner'
[2021-01-15 15:24:18Z INFO HostContext] Well known config file 'Service': 'C:\Users\o.savic\Desktop\Projects\Eclipse workspace\demo\actions-runner\.service'
[2021-01-15 15:24:18Z INFO ConfigurationStore] ServiceConfigFilePath: C:\Users\o.savic\Desktop\Projects\Eclipse workspace\demo\actions-runner\.service
[2021-01-15 15:24:18Z INFO CommandSettings] Flag 'help': 'False'
[2021-01-15 15:24:18Z INFO CommandSettings] Flag 'version': 'False'
[2021-01-15 15:24:18Z INFO CommandSettings] Flag 'commit': 'False'
[2021-01-15 15:24:18Z INFO CommandSettings] Command 'configure': 'True'
[2021-01-15 15:24:18Z INFO Terminal] WRITE LINE: 
[2021-01-15 15:24:18Z INFO Terminal] WRITE LINE: --------------------------------------------------------------------------------
[2021-01-15 15:24:18Z INFO Terminal] WRITE LINE: |        ____ _ _   _   _       _          _        _   _                      |
[2021-01-15 15:24:18Z INFO Terminal] WRITE LINE: |       / ___(_) |_| | | |_   _| |__      / \   ___| |_(_) ___  _ __  ___      |
[2021-01-15 15:24:18Z INFO Terminal] WRITE LINE: |      | |  _| | __| |_| | | | | '_ \    / _ \ / __| __| |/ _ \| '_ \/ __|     |
[2021-01-15 15:24:18Z INFO Terminal] WRITE LINE: |      | |_| | | |_|  _  | |_| | |_) |  / ___ \ (__| |_| | (_) | | | \__ \     |
[2021-01-15 15:24:18Z INFO Terminal] WRITE LINE: |       \____|_|\__|_| |_|\__,_|_.__/  /_/   \_\___|\__|_|\___/|_| |_|___/     |
[2021-01-15 15:24:18Z INFO Terminal] WRITE LINE: |                                                                              |
[2021-01-15 15:24:18Z INFO Terminal] WRITE: |                       
[2021-01-15 15:24:18Z INFO Terminal] WRITE: Self-hosted runner registration
[2021-01-15 15:24:18Z INFO Terminal] WRITE LINE:                         |
[2021-01-15 15:24:18Z INFO Terminal] WRITE LINE: |                                                                              |
[2021-01-15 15:24:18Z INFO Terminal] WRITE LINE: --------------------------------------------------------------------------------
[2021-01-15 15:24:18Z INFO ConfigurationManager] ConfigureAsync
[2021-01-15 15:24:18Z INFO ConfigurationStore] IsConfigured()
[2021-01-15 15:24:18Z INFO ConfigurationStore] IsConfigured: False
[2021-01-15 15:24:18Z INFO ConfigurationManager] Is configured: False
[2021-01-15 15:24:18Z INFO CommandSettings] Arg 'url': 'https://github.com/o-savic/api-aws'
[2021-01-15 15:24:18Z INFO CommandSettings] Remove url from Arg dictionary.
[2021-01-15 15:24:18Z INFO CommandSettings] Arg 'token': '***'
[2021-01-15 15:24:18Z INFO CommandSettings] Remove token from Arg dictionary.
[2021-01-15 15:24:19Z INFO ConfigurationManager] Http response code: OK from 'POST https://api.github.com/actions/runner-registration'
[2021-01-15 15:24:19Z INFO ConfigurationManager] cred retrieved via GitHub auth
[2021-01-15 15:24:19Z INFO RunnerServer] Establish connection with 100 seconds timeout.
[2021-01-15 15:24:19Z INFO GitHubActionsService] Starting operation Location.GetConnectionData
[2021-01-15 15:24:19Z INFO RunnerServer] Establish connection with 60 seconds timeout.
[2021-01-15 15:24:19Z INFO GitHubActionsService] Starting operation Location.GetConnectionData
[2021-01-15 15:24:19Z INFO RunnerServer] Establish connection with 60 seconds timeout.
[2021-01-15 15:24:19Z INFO GitHubActionsService] Starting operation Location.GetConnectionData
[2021-01-15 15:24:20Z INFO GitHubActionsService] Finished operation Location.GetConnectionData
[2021-01-15 15:24:20Z INFO GitHubActionsService] Finished operation Location.GetConnectionData
[2021-01-15 15:24:20Z INFO GitHubActionsService] Finished operation Location.GetConnectionData
[2021-01-15 15:24:20Z INFO Terminal] WRITE LINE: 
[2021-01-15 15:24:20Z INFO ConfigurationManager] Test Connection complete.
[2021-01-15 15:24:20Z INFO HostContext] Well known directory 'Bin': 'C:\Users\o.savic\Desktop\Projects\Eclipse workspace\demo\actions-runner\bin'
[2021-01-15 15:24:20Z INFO HostContext] Well known directory 'Root': 'C:\Users\o.savic\Desktop\Projects\Eclipse workspace\demo\actions-runner'
[2021-01-15 15:24:20Z INFO HostContext] Well known config file 'RSACredentials': 'C:\Users\o.savic\Desktop\Projects\Eclipse workspace\demo\actions-runner\.credentials_rsaparams'
[2021-01-15 15:24:20Z INFO RSAEncryptedFileKeyManager] Creating new RSA key using 2048-bit key length
[2021-01-15 15:24:20Z INFO RSAEncryptedFileKeyManager] Successfully saved RSA key parameters to file C:\Users\o.savic\Desktop\Projects\Eclipse workspace\demo\actions-runner\.credentials_rsaparams
[2021-01-15 15:24:20Z INFO ConfigurationManager] Found a self-hosted runner group with id {1} and name {2} 1, Default
[2021-01-15 15:24:20Z INFO CommandSettings] Arg 'name': ''
[2021-01-15 15:24:20Z INFO CommandSettings] Flag 'unattended': 'False'
[2021-01-15 15:24:20Z INFO PromptManager] ReadValue
[2021-01-15 15:24:20Z INFO Terminal] WRITE: Enter the name of runner: 
[2021-01-15 15:24:20Z INFO Terminal] WRITE: [press Enter for OSAVIC] 
[2021-01-15 15:24:20Z INFO Terminal] READ LINE
