[2021-01-15 15:28:31Z INFO HostContext] No proxy settings were found based on environmental variables (http_proxy/https_proxy/HTTP_PROXY/HTTPS_PROXY)
[2021-01-15 15:28:31Z INFO HostContext] Well known directory 'Bin': 'C:\Users\o.savic\Desktop\Projects\Eclipse workspace\demo\actions-runner\bin'
[2021-01-15 15:28:31Z INFO HostContext] Well known directory 'Root': 'C:\Users\o.savic\Desktop\Projects\Eclipse workspace\demo\actions-runner'
[2021-01-15 15:28:31Z INFO HostContext] Well known config file 'Credentials': 'C:\Users\o.savic\Desktop\Projects\Eclipse workspace\demo\actions-runner\.credentials'
[2021-01-15 15:28:31Z INFO Listener] Runner is built for Windows (X64) - win-x64.
[2021-01-15 15:28:31Z INFO Listener] RuntimeInformation: Microsoft Windows 10.0.19042.
[2021-01-15 15:28:31Z INFO Listener] Version: 2.275.1
[2021-01-15 15:28:31Z INFO Listener] Commit: de955418e4e8e0c51546a8495d9236f24edc1321
[2021-01-15 15:28:31Z INFO Listener] Culture: en-US
[2021-01-15 15:28:31Z INFO Listener] UI Culture: en-US
[2021-01-15 15:28:31Z INFO HostContext] Well known directory 'Bin': 'C:\Users\o.savic\Desktop\Projects\Eclipse workspace\demo\actions-runner\bin'
[2021-01-15 15:28:31Z INFO HostContext] Well known directory 'Root': 'C:\Users\o.savic\Desktop\Projects\Eclipse workspace\demo\actions-runner'
[2021-01-15 15:28:31Z INFO Listener] Validating directory permissions for: 'C:\Users\o.savic\Desktop\Projects\Eclipse workspace\demo\actions-runner'
[2021-01-15 15:28:31Z INFO CommandLineParser] Parse
[2021-01-15 15:28:31Z INFO CommandLineParser] Parsing 1 args
[2021-01-15 15:28:31Z INFO CommandLineParser] parsing argument
[2021-01-15 15:28:31Z INFO CommandLineParser] HasArgs: False
[2021-01-15 15:28:31Z INFO CommandLineParser] Adding Command: run
[2021-01-15 15:28:31Z INFO Listener] Arguments parsed
[2021-01-15 15:28:31Z INFO Runner] ExecuteCommand
[2021-01-15 15:28:31Z INFO ConfigurationStore] currentAssemblyLocation: C:\Users\o.savic\Desktop\Projects\Eclipse workspace\demo\actions-runner\bin\Runner.Listener.dll
[2021-01-15 15:28:31Z INFO HostContext] Well known directory 'Bin': 'C:\Users\o.savic\Desktop\Projects\Eclipse workspace\demo\actions-runner\bin'
[2021-01-15 15:28:31Z INFO ConfigurationStore] binPath: C:\Users\o.savic\Desktop\Projects\Eclipse workspace\demo\actions-runner\bin
[2021-01-15 15:28:31Z INFO HostContext] Well known directory 'Bin': 'C:\Users\o.savic\Desktop\Projects\Eclipse workspace\demo\actions-runner\bin'
[2021-01-15 15:28:31Z INFO HostContext] Well known directory 'Root': 'C:\Users\o.savic\Desktop\Projects\Eclipse workspace\demo\actions-runner'
[2021-01-15 15:28:31Z INFO ConfigurationStore] RootFolder: C:\Users\o.savic\Desktop\Projects\Eclipse workspace\demo\actions-runner
[2021-01-15 15:28:31Z INFO HostContext] Well known directory 'Bin': 'C:\Users\o.savic\Desktop\Projects\Eclipse workspace\demo\actions-runner\bin'
[2021-01-15 15:28:31Z INFO HostContext] Well known directory 'Root': 'C:\Users\o.savic\Desktop\Projects\Eclipse workspace\demo\actions-runner'
[2021-01-15 15:28:31Z INFO HostContext] Well known config file 'Runner': 'C:\Users\o.savic\Desktop\Projects\Eclipse workspace\demo\actions-runner\.runner'
[2021-01-15 15:28:31Z INFO ConfigurationStore] ConfigFilePath: C:\Users\o.savic\Desktop\Projects\Eclipse workspace\demo\actions-runner\.runner
[2021-01-15 15:28:31Z INFO HostContext] Well known directory 'Bin': 'C:\Users\o.savic\Desktop\Projects\Eclipse workspace\demo\actions-runner\bin'
[2021-01-15 15:28:31Z INFO HostContext] Well known directory 'Root': 'C:\Users\o.savic\Desktop\Projects\Eclipse workspace\demo\actions-runner'
[2021-01-15 15:28:31Z INFO HostContext] Well known config file 'Credentials': 'C:\Users\o.savic\Desktop\Projects\Eclipse workspace\demo\actions-runner\.credentials'
[2021-01-15 15:28:31Z INFO ConfigurationStore] CredFilePath: C:\Users\o.savic\Desktop\Projects\Eclipse workspace\demo\actions-runner\.credentials
[2021-01-15 15:28:31Z INFO HostContext] Well known directory 'Bin': 'C:\Users\o.savic\Desktop\Projects\Eclipse workspace\demo\actions-runner\bin'
[2021-01-15 15:28:31Z INFO HostContext] Well known directory 'Root': 'C:\Users\o.savic\Desktop\Projects\Eclipse workspace\demo\actions-runner'
[2021-01-15 15:28:31Z INFO HostContext] Well known config file 'MigratedCredentials': 'C:\Users\o.savic\Desktop\Projects\Eclipse workspace\demo\actions-runner\.credentials_migrated'
[2021-01-15 15:28:31Z INFO ConfigurationStore] MigratedCredFilePath: C:\Users\o.savic\Desktop\Projects\Eclipse workspace\demo\actions-runner\.credentials_migrated
[2021-01-15 15:28:31Z INFO HostContext] Well known directory 'Bin': 'C:\Users\o.savic\Desktop\Projects\Eclipse workspace\demo\actions-runner\bin'
[2021-01-15 15:28:31Z INFO HostContext] Well known directory 'Root': 'C:\Users\o.savic\Desktop\Projects\Eclipse workspace\demo\actions-runner'
[2021-01-15 15:28:31Z INFO HostContext] Well known config file 'Service': 'C:\Users\o.savic\Desktop\Projects\Eclipse workspace\demo\actions-runner\.service'
[2021-01-15 15:28:31Z INFO ConfigurationStore] ServiceConfigFilePath: C:\Users\o.savic\Desktop\Projects\Eclipse workspace\demo\actions-runner\.service
[2021-01-15 15:28:31Z INFO CommandSettings] Flag 'help': 'False'
[2021-01-15 15:28:31Z INFO CommandSettings] Flag 'version': 'False'
[2021-01-15 15:28:31Z INFO CommandSettings] Flag 'commit': 'False'
[2021-01-15 15:28:31Z INFO CommandSettings] Command 'configure': 'False'
[2021-01-15 15:28:31Z INFO CommandSettings] Command 'remove': 'False'
[2021-01-15 15:28:31Z INFO CommandSettings] Command 'warmup': 'False'
[2021-01-15 15:28:31Z INFO ConfigurationManager] LoadSettings
[2021-01-15 15:28:31Z INFO ConfigurationStore] IsConfigured()
[2021-01-15 15:28:31Z INFO ConfigurationStore] IsConfigured: False
[2021-01-15 15:28:31Z INFO ConfigurationManager] Is configured: False
[2021-01-15 15:28:31Z ERR  Terminal] WRITE ERROR: An error occurred: Not configured
[2021-01-15 15:28:31Z ERR  Listener] System.InvalidOperationException: Not configured
   at GitHub.Runner.Listener.Configuration.ConfigurationManager.LoadSettings()
   at GitHub.Runner.Listener.Runner.ExecuteCommand(CommandSettings command)
   at GitHub.Runner.Listener.Program.MainAsync(IHostContext context, String[] args)
